2025-05-25T13:50:14.494Z GET /api/roomTypes 200 38.174 ms
2025-05-25T13:50:14.530Z GET /api/roomTypes 304 33.557 ms
2025-05-25T13:50:14.584Z GET /api/services 200 125.312 ms
2025-05-25T13:50:14.623Z GET /api/services 304 36.871 ms
2025-05-25T13:50:14.656Z GET /api/amenityDetails 304 138.272 ms
2025-05-25T13:50:16.637Z GET /api/amenityDetails 304 33.451 ms
2025-05-25T13:50:16.673Z GET /api/amenityDetails 304 32.434 ms
2025-05-25T13:50:16.707Z GET /api/amenityDetails 304 32.309 ms
2025-05-25T13:50:16.753Z GET /api/amenityDetails 304 33.748 ms
2025-05-25T13:50:16.788Z GET /api/amenityDetails 304 33.075 ms
2025-05-25T13:50:16.824Z GET /api/amenityDetails 304 33.797 ms
2025-05-25T13:50:16.859Z GET /api/amenityDetails 304 32.832 ms
2025-05-25T13:50:16.893Z GET /api/amenityDetails 304 32.277 ms
2025-05-25T13:50:16.927Z GET /api/amenityDetails 304 32.241 ms
2025-05-25T13:50:21.580Z OPTIONS /api/email/send-confirm-code 204 0.257 ms
2025-05-25T13:50:21.630Z POST /api/email/send-confirm-code 404 48.587 ms
2025-05-25T13:50:31.820Z OPTIONS /api/email/send-confirm-code 204 0.110 ms
2025-05-25T13:50:31.854Z POST /api/email/send-confirm-code 404 32.603 ms
2025-05-25T13:50:50.536Z OPTIONS /api/email/send-confirm-code 204 0.188 ms
2025-05-25T13:50:53.611Z POST /api/email/send-confirm-code 200 3072.789 ms
2025-05-25T13:51:16.935Z OPTIONS /api/email/check-confirm-code 204 0.127 ms
2025-05-25T13:51:16.970Z POST /api/email/check-confirm-code 200 34.256 ms
2025-05-25T13:51:20.509Z POST /api/email/check-confirm-code 200 33.294 ms
2025-05-25T13:52:49.374Z OPTIONS /api/email/check-confirm-code 204 0.159 ms
2025-05-25T13:52:49.422Z POST /api/email/check-confirm-code 200 45.724 ms
2025-05-25T13:52:54.776Z OPTIONS /api/email/check-confirm-code 204 0.144 ms
2025-05-25T13:52:54.830Z POST /api/email/check-confirm-code 200 52.032 ms
2025-05-25T13:52:57.146Z POST /api/email/check-confirm-code 200 40.082 ms
2025-05-25T13:52:57.156Z POST /api/email/check-confirm-code 200 47.770 ms
2025-05-25T13:52:57.157Z POST /api/email/check-confirm-code 200 50.803 ms
2025-05-25T13:52:57.272Z POST /api/email/check-confirm-code 200 161.984 ms
2025-05-25T13:52:57.274Z POST /api/email/check-confirm-code 200 165.467 ms
2025-05-25T13:52:57.461Z POST /api/email/check-confirm-code 200 38.852 ms
2025-05-25T13:53:19.175Z OPTIONS /api/email/check-confirm-code 204 0.117 ms
2025-05-25T13:53:19.214Z POST /api/email/check-confirm-code 200 37.382 ms
2025-05-25T13:56:46.459Z OPTIONS /api/email/check-confirm-code 204 0.129 ms
2025-05-25T13:56:46.501Z POST /api/email/check-confirm-code 404 39.286 ms
2025-05-25T13:56:54.042Z GET /api/services 304 36.520 ms
2025-05-25T13:56:54.044Z GET /api/roomTypes 304 39.464 ms
2025-05-25T13:56:54.080Z GET /api/services 304 34.846 ms
2025-05-25T13:56:54.082Z GET /api/roomTypes 304 36.015 ms
2025-05-25T13:56:54.139Z GET /api/amenityDetails 304 34.233 ms
2025-05-25T13:56:54.176Z GET /api/amenityDetails 304 34.127 ms
2025-05-25T13:56:54.212Z GET /api/amenityDetails 304 34.207 ms
2025-05-25T13:56:54.249Z GET /api/amenityDetails 304 33.654 ms
2025-05-25T13:56:54.284Z GET /api/amenityDetails 304 33.336 ms
2025-05-25T13:56:54.319Z GET /api/amenityDetails 304 33.119 ms
2025-05-25T13:56:54.354Z GET /api/amenityDetails 304 33.205 ms
2025-05-25T13:56:54.389Z GET /api/amenityDetails 304 33.484 ms
2025-05-25T13:56:54.424Z GET /api/amenityDetails 304 33.190 ms
2025-05-25T13:56:54.465Z GET /api/amenityDetails 304 34.084 ms
2025-05-25T13:57:01.250Z OPTIONS /api/email/send-confirm-code 204 0.242 ms
2025-05-25T13:57:04.339Z POST /api/email/send-confirm-code 200 3087.186 ms
2025-05-25T13:58:07.664Z OPTIONS /api/email/check-confirm-code 204 0.154 ms
2025-05-25T13:58:07.705Z POST /api/email/check-confirm-code 404 38.665 ms
2025-05-25T13:58:34.511Z OPTIONS /api/email/check-confirm-code 204 0.071 ms
2025-05-25T13:58:34.554Z POST /api/email/check-confirm-code 200 41.827 ms
2025-05-25T13:58:40.608Z OPTIONS /api/email/check-confirm-code 204 0.089 ms
2025-05-25T13:58:40.643Z POST /api/email/check-confirm-code 200 33.896 ms
2025-05-25T14:08:30.761Z GET /api/roomTypes 304 37.983 ms
2025-05-25T14:08:30.796Z GET /api/roomTypes 304 33.428 ms
2025-05-25T14:08:30.861Z GET /api/services 304 136.839 ms
2025-05-25T14:08:30.901Z GET /api/services 304 35.823 ms
2025-05-25T14:08:30.914Z GET /api/amenityDetails 304 137.864 ms
2025-05-25T14:08:30.948Z GET /api/amenityDetails 304 31.946 ms
2025-05-25T14:08:30.985Z GET /api/amenityDetails 304 36.306 ms
2025-05-25T14:08:31.018Z GET /api/amenityDetails 304 31.160 ms
2025-05-25T14:08:31.051Z GET /api/amenityDetails 304 31.075 ms
2025-05-25T14:08:31.083Z GET /api/amenityDetails 304 31.393 ms
2025-05-25T14:08:31.117Z GET /api/amenityDetails 304 31.277 ms
2025-05-25T14:08:31.150Z GET /api/amenityDetails 304 31.175 ms
2025-05-25T14:08:31.183Z GET /api/amenityDetails 304 31.150 ms
2025-05-25T14:08:31.217Z GET /api/amenityDetails 304 31.630 ms
2025-05-25T14:08:36.513Z OPTIONS /api/email/send-confirm-code 204 0.533 ms
2025-05-25T14:08:40.779Z POST /api/email/send-confirm-code 200 4263.925 ms
2025-05-25T14:11:09.153Z GET /api/roomTypes 304 40.205 ms
2025-05-25T14:11:09.197Z GET /api/roomTypes 304 42.420 ms
2025-05-25T14:11:09.247Z GET /api/services 304 132.173 ms
2025-05-25T14:11:09.260Z GET /api/amenityDetails 304 33.071 ms
2025-05-25T14:11:09.287Z GET /api/services 304 36.866 ms
2025-05-25T14:11:09.295Z GET /api/amenityDetails 304 31.111 ms
2025-05-25T14:11:09.330Z GET /api/amenityDetails 304 31.072 ms
2025-05-25T14:11:09.371Z GET /api/amenityDetails 304 38.499 ms
2025-05-25T14:11:09.407Z GET /api/amenityDetails 304 32.799 ms
2025-05-25T14:11:09.443Z GET /api/amenityDetails 304 34.149 ms
2025-05-25T14:11:09.483Z GET /api/amenityDetails 304 34.938 ms
2025-05-25T14:11:09.528Z GET /api/amenityDetails 304 42.942 ms
2025-05-25T14:11:09.563Z GET /api/amenityDetails 304 33.274 ms
2025-05-25T14:11:09.599Z GET /api/amenityDetails 304 34.694 ms
2025-05-25T14:11:14.443Z OPTIONS /api/email/send-confirm-code 204 0.458 ms
2025-05-25T14:11:17.422Z POST /api/email/send-confirm-code 200 2977.420 ms
2025-05-25T14:17:10.933Z GET /api/roomTypes 304 38.508 ms
2025-05-25T14:17:10.972Z GET /api/roomTypes 304 37.038 ms
2025-05-25T14:17:11.019Z GET /api/amenityDetails 304 41.939 ms
2025-05-25T14:17:11.055Z GET /api/amenityDetails 304 35.366 ms
2025-05-25T14:17:11.059Z GET /api/services 304 159.742 ms
2025-05-25T14:17:11.096Z GET /api/amenityDetails 304 34.508 ms
2025-05-25T14:17:11.099Z GET /api/services 304 35.271 ms
2025-05-25T14:17:11.135Z GET /api/amenityDetails 304 33.510 ms
2025-05-25T14:17:11.172Z GET /api/amenityDetails 304 35.297 ms
2025-05-25T14:17:11.205Z GET /api/amenityDetails 304 31.451 ms
2025-05-25T14:17:11.239Z GET /api/amenityDetails 304 32.797 ms
2025-05-25T14:17:11.283Z GET /api/amenityDetails 304 41.410 ms
2025-05-25T14:17:11.315Z GET /api/amenityDetails 304 30.915 ms
2025-05-25T14:17:11.347Z GET /api/amenityDetails 304 31.161 ms
2025-05-25T14:17:18.110Z OPTIONS /api/email/send-confirm-code 204 0.466 ms
2025-05-25T14:17:21.000Z POST /api/email/send-confirm-code 200 2887.356 ms
2025-05-25T14:20:11.559Z GET /api/roomTypes 304 48.893 ms
2025-05-25T14:20:11.597Z GET /api/roomTypes 304 34.983 ms
2025-05-25T14:20:11.635Z GET /api/amenityDetails 304 35.684 ms
2025-05-25T14:20:11.642Z GET /api/services 304 130.217 ms
2025-05-25T14:20:11.671Z GET /api/amenityDetails 304 34.137 ms
2025-05-25T14:20:11.685Z GET /api/services 304 40.944 ms
2025-05-25T14:20:11.706Z GET /api/amenityDetails 304 33.779 ms
2025-05-25T14:20:11.747Z GET /api/amenityDetails 304 40.017 ms
2025-05-25T14:20:11.794Z GET /api/amenityDetails 304 44.771 ms
2025-05-25T14:20:11.833Z GET /api/amenityDetails 304 37.356 ms
2025-05-25T14:20:11.875Z GET /api/amenityDetails 304 41.017 ms
2025-05-25T14:20:11.912Z GET /api/amenityDetails 304 35.339 ms
2025-05-25T14:20:11.946Z GET /api/amenityDetails 304 33.624 ms
2025-05-25T14:20:11.982Z GET /api/amenityDetails 304 34.692 ms
2025-05-25T14:20:21.733Z OPTIONS /api/email/send-confirm-code 204 0.685 ms
2025-05-25T14:20:24.922Z POST /api/email/send-confirm-code 200 3185.065 ms
2025-05-25T14:23:05.193Z GET /api/roomTypes 304 44.113 ms
2025-05-25T14:23:05.232Z GET /api/roomTypes 304 35.141 ms
2025-05-25T14:23:05.292Z GET /api/services 304 139.934 ms
2025-05-25T14:23:05.330Z GET /api/services 304 35.456 ms
2025-05-25T14:23:08.195Z OPTIONS /api/email/send-confirm-code 204 0.725 ms
2025-05-25T14:23:12.544Z POST /api/email/send-confirm-code 200 4345.342 ms
2025-05-25T14:25:04.441Z GET /api/roomTypes 304 1270.558 ms
2025-05-25T14:25:05.139Z GET /api/roomTypes 304 689.793 ms
2025-05-25T14:25:05.604Z GET /api/services 304 2432.665 ms
2025-05-25T14:25:05.685Z GET /api/amenityDetails 304 1205.139 ms
2025-05-25T14:25:05.728Z GET /api/amenityDetails 304 40.226 ms
2025-05-25T14:25:05.769Z GET /api/amenityDetails 304 37.844 ms
2025-05-25T14:25:05.875Z GET /api/amenityDetails 304 103.979 ms
2025-05-25T14:25:05.883Z GET /api/services 304 276.982 ms
2025-05-25T14:25:05.953Z GET /api/amenityDetails 304 74.626 ms
2025-05-25T14:25:05.991Z GET /api/amenityDetails 304 35.302 ms
2025-05-25T14:25:06.060Z GET /api/amenityDetails 304 67.177 ms
2025-05-25T14:25:06.097Z GET /api/amenityDetails 304 35.760 ms
2025-05-25T14:25:06.160Z GET /api/amenityDetails 304 60.601 ms
2025-05-25T14:25:06.213Z GET /api/amenityDetails 304 50.767 ms
2025-05-25T14:25:09.626Z OPTIONS /api/email/send-confirm-code 204 0.724 ms
2025-05-25T14:25:13.470Z POST /api/email/send-confirm-code 200 3841.222 ms
2025-05-25T14:34:11.721Z OPTIONS /api/email/send-confirm-code 204 1.436 ms
2025-05-25T14:34:14.783Z POST /api/email/send-confirm-code 200 3058.284 ms
2025-05-25T14:35:25.939Z OPTIONS /api/email/check-confirm-code 204 0.379 ms
2025-05-25T14:35:26.065Z POST /api/email/check-confirm-code 200 122.885 ms
2025-05-25T14:38:58.279Z OPTIONS /api/email/check-confirm-code 204 0.158 ms
2025-05-25T14:38:58.319Z POST /api/email/check-confirm-code 404 38.108 ms
2025-05-25T14:39:08.579Z OPTIONS /api/email/send-confirm-code 204 0.323 ms
2025-05-25T14:39:11.477Z POST /api/email/send-confirm-code 200 2895.193 ms
2025-05-25T14:40:04.645Z OPTIONS /api/email/check-confirm-code 204 0.293 ms
2025-05-25T14:40:04.712Z POST /api/email/check-confirm-code 200 64.036 ms
2025-05-25T14:40:12.667Z OPTIONS /api/email/check-confirm-code 204 0.321 ms
2025-05-25T14:40:12.705Z POST /api/email/check-confirm-code 200 35.974 ms
2025-05-25T14:40:32.725Z OPTIONS /api/email/check-confirm-code 204 0.090 ms
2025-05-25T14:40:32.761Z POST /api/email/check-confirm-code 200 33.929 ms
2025-05-25T14:44:31.932Z OPTIONS /api/email/send-confirm-code 204 0.245 ms
2025-05-25T14:44:34.941Z POST /api/email/send-confirm-code 200 3005.719 ms
2025-05-25T14:44:53.755Z OPTIONS /api/email/check-confirm-code 204 0.243 ms
2025-05-25T14:44:53.791Z POST /api/email/check-confirm-code 200 34.479 ms
2025-05-25T14:57:00.886Z OPTIONS /api/email/check-confirm-code 204 1.326 ms
2025-05-25T14:57:00.937Z POST /api/email/check-confirm-code 404 48.179 ms
2025-05-25T14:57:15.120Z OPTIONS /api/email/send-confirm-code 204 0.167 ms
2025-05-25T14:57:18.127Z POST /api/email/send-confirm-code 200 3003.606 ms
2025-05-25T14:57:32.871Z OPTIONS /api/email/check-confirm-code 204 0.256 ms
2025-05-25T14:57:32.907Z POST /api/email/check-confirm-code 200 33.154 ms
2025-05-25T15:04:30.388Z OPTIONS /api/email/send-confirm-code 204 0.266 ms
2025-05-25T15:04:33.350Z POST /api/email/send-confirm-code 200 2959.822 ms
2025-05-25T15:04:52.090Z OPTIONS /api/email/check-confirm-code 204 0.211 ms
2025-05-25T15:04:52.614Z POST /api/email/check-confirm-code 200 521.620 ms
2025-05-25T15:07:02.186Z OPTIONS /api/email/check-confirm-code 204 0.091 ms
2025-05-25T15:07:02.221Z POST /api/email/check-confirm-code 200 32.766 ms
2025-05-25T15:07:02.230Z OPTIONS /api/email/send-reset-password 204 0.111 ms
2025-05-25T15:07:04.253Z POST /api/email/check-confirm-code 200 31.888 ms
2025-05-25T15:07:05.138Z POST /api/email/send-reset-password 200 2906.941 ms
2025-05-25T15:07:07.122Z POST /api/email/send-reset-password 200 2861.047 ms
2025-05-25T15:07:48.289Z OPTIONS /api/auth/customer/sign-in 204 0.222 ms
2025-05-25T15:07:48.472Z POST /api/auth/customer/sign-in 200 181.089 ms
2025-05-25T15:07:48.590Z GET /api/roomTypes 200 35.737 ms
2025-05-25T15:07:48.627Z GET /api/roomTypes 304 34.115 ms
2025-05-25T15:07:48.865Z GET /api/services 200 307.252 ms
2025-05-25T15:07:48.871Z GET /api/amenityDetails 304 254.232 ms
2025-05-25T15:07:48.913Z GET /api/amenityDetails 304 34.048 ms
2025-05-25T15:07:48.916Z GET /api/services 304 38.276 ms
2025-05-25T15:07:48.953Z GET /api/amenityDetails 304 35.279 ms
2025-05-25T15:07:48.989Z GET /api/amenityDetails 304 34.122 ms
2025-05-25T15:07:49.025Z GET /api/amenityDetails 304 34.260 ms
2025-05-25T15:07:49.063Z GET /api/amenityDetails 304 35.748 ms
2025-05-25T15:07:49.100Z GET /api/amenityDetails 304 34.620 ms
2025-05-25T15:07:49.137Z GET /api/amenityDetails 304 34.612 ms
2025-05-25T15:07:49.174Z GET /api/amenityDetails 304 34.461 ms
2025-05-25T15:07:49.225Z GET /api/amenityDetails 304 49.469 ms
2025-05-25T15:07:54.989Z GET /api/auth/customer/sign-out 200 1.071 ms
2025-05-25T15:07:55.804Z GET /api/roomTypes 304 35.281 ms
2025-05-25T15:07:55.806Z GET /api/services 304 35.939 ms
2025-05-25T15:07:55.844Z GET /api/roomTypes 304 36.061 ms
2025-05-25T15:07:55.847Z GET /api/services 304 37.164 ms
2025-05-25T15:07:55.893Z GET /api/amenityDetails 304 34.719 ms
2025-05-25T15:07:55.930Z GET /api/amenityDetails 304 34.535 ms
2025-05-25T15:07:55.968Z GET /api/amenityDetails 304 34.931 ms
2025-05-25T15:07:56.008Z GET /api/amenityDetails 304 37.058 ms
2025-05-25T15:07:56.047Z GET /api/amenityDetails 304 35.259 ms
2025-05-25T15:07:56.086Z GET /api/amenityDetails 304 36.620 ms
2025-05-25T15:07:56.124Z GET /api/amenityDetails 304 34.820 ms
2025-05-25T15:07:56.160Z GET /api/amenityDetails 304 34.419 ms
2025-05-25T15:07:56.197Z GET /api/amenityDetails 304 34.360 ms
2025-05-25T15:07:56.234Z GET /api/amenityDetails 304 34.286 ms
2025-05-25T15:10:34.446Z OPTIONS /api/email/send-confirm-code 204 1.341 ms
2025-05-25T15:10:37.503Z POST /api/email/send-confirm-code 200 3053.717 ms
2025-05-25T15:10:46.592Z OPTIONS /api/email/check-confirm-code 204 0.140 ms
2025-05-25T15:10:46.630Z POST /api/email/check-confirm-code 200 35.920 ms
2025-05-25T15:10:46.636Z OPTIONS /api/email/send-reset-password 204 0.146 ms
2025-05-25T15:10:49.045Z POST /api/email/check-confirm-code 200 37.223 ms
2025-05-25T15:10:49.634Z POST /api/email/send-reset-password 200 2995.905 ms
2025-05-25T15:10:51.862Z POST /api/email/send-reset-password 200 2809.011 ms
2025-05-25T15:18:33.285Z POST /api/ratingRoomTypes 201 57.315 ms
2025-05-25T15:23:31.151Z OPTIONS /api/email/send-confirm-code 204 0.849 ms
2025-05-25T15:23:34.298Z POST /api/email/send-confirm-code 200 3143.599 ms
2025-05-25T15:23:45.329Z OPTIONS /api/email/check-confirm-code 204 0.484 ms
2025-05-25T15:23:45.368Z POST /api/email/check-confirm-code 200 36.768 ms
2025-05-25T15:23:49.361Z POST /api/email/check-confirm-code 200 35.707 ms
2025-05-25T15:23:53.313Z OPTIONS /api/email/check-confirm-code 204 0.316 ms
2025-05-25T15:23:53.350Z POST /api/email/check-confirm-code 200 35.593 ms
2025-05-25T15:24:15.633Z OPTIONS /api/email/check-confirm-code 204 0.079 ms
2025-05-25T15:24:15.669Z POST /api/email/check-confirm-code 200 34.590 ms
2025-05-25T15:24:15.672Z OPTIONS /api/email/send-reset-password 204 0.116 ms
2025-05-25T15:24:18.506Z POST /api/email/send-reset-password 200 2832.399 ms
2025-05-25T15:38:26.933Z GET /api/rooms 200 52.715 ms
2025-05-25T15:39:13.348Z GET /api/ratingRoomTypes/1 200 41.694 ms
2025-05-25T15:39:42.255Z GET /api/ratingRoomTypes 200 2077.206 ms
2025-05-25T15:43:29.869Z GET /api/ratingRoomTypes/1 200 2464.532 ms
2025-05-25T15:43:36.591Z GET /api/ratingRoomTypes/1 200 59.995 ms
2025-05-25T15:43:47.777Z GET /api/ratingRoomTypes 200 817.824 ms
2025-05-25T15:43:57.649Z GET /api/ratingRoomTypes/1 200 34.443 ms
2025-05-25T16:11:17.541Z GET /api/ratingRoomTypes/roomtype/1 200 40.386 ms
2025-05-25T16:11:37.137Z GET /api/ratingServices/service/1 500 39.294 ms
2025-05-25T16:12:36.121Z GET /api/ratingServices/service/2 500 108.621 ms
2025-05-25T16:17:06.057Z POST /api/ratingServices 201 49.192 ms
2025-05-25T16:17:43.319Z GET /api/ratingServices/service/1 200 38.328 ms
